%!Adobe-FontList 1.14
%Locale:0x409

%BeginFont
Handler:DirectoryHandler
FontType:Type1
FontName:Mic32NewRounded-Medium
FamilyName:Mic 32 New Rounded
StyleName:Medium
MenuName:Mic 32 New Rounded Lt
StyleBits:2
WeightClass:600
WidthClass:5
AngleClass:0
FullName:Mic 32 New Rounded Medium
WritingScript:Roman
OutlineFileName:\Mic32NewRounded-Medium.otf
DataFormat:sfntData
UsesStandardEncoding:yes
isCFF:yes
FileLength:65052
FileModTime:1369913212
%EndFont

%BeginFont
Handler:DirectoryHandler
FontType:Type1
FontName:Mic32NewRounded-Regular
FamilyName:Mic 32 New Rounded
StyleName:Regular
MenuName:Mic 32 New Rounded Rg
StyleBits:0
WeightClass:400
WidthClass:5
AngleClass:0
FullName:Mic 32 New Rounded Regular
WritingScript:Roman
OutlineFileName:\Mic32NewRounded-Regular.otf
DataFormat:sfntData
UsesStandardEncoding:yes
isCFF:yes
FileLength:64696
FileModTime:1369913004
%EndFont

%BeginFont
Handler:DirectoryHandler
FontType:TrueType
FontName:PTSans-Bold
FamilyName:PT Sans
StyleName:Bold
MenuName:PT Sans
StyleBits:2
WeightClass:700
WidthClass:5
AngleClass:0
FullName:PT Sans Bold
WritingScript:Roman
OutlineFileName:\PTSans-Bold.ttf
DataFormat:sfntData
FileLength:355328
FileModTime:1283967088
%EndFont

%BeginFont
Handler:DirectoryHandler
FontType:TrueType
FontName:PTSans-Regular
FamilyName:PT Sans
StyleName:Regular
MenuName:PT Sans
StyleBits:0
WeightClass:400
WidthClass:5
AngleClass:0
FullName:PT Sans
WritingScript:Roman
OutlineFileName:\PTSans-Regular.ttf
DataFormat:sfntData
FileLength:528828
FileModTime:1283967084
%EndFont

